<?xml version="1.0" encoding="UTF-8"?>
<testng-results ignored="0" total="1" passed="1" failed="0" skipped="0">
  <reporter-output>
  </reporter-output>
  <suite started-at="2025-06-22T20:06:37 IST" name="Default suite" finished-at="2025-06-22T20:06:55 IST" duration-ms="18554">
    <groups>
    </groups>
    <test started-at="2025-06-22T20:06:37 IST" name="Default test" finished-at="2025-06-22T20:06:55 IST" duration-ms="18554">
      <class name="flipkart.tests.landingPageTest">
        <test-method is-config="true" signature="precondition()[pri:0, instance:flipkart.tests.landingPageTest@f6efaab]" started-at="2025-06-22T20:06:37 IST" name="precondition" finished-at="2025-06-22T20:06:55 IST" duration-ms="17932" status="PASS">
          <reporter-output>
          </reporter-output>
        </test-method> <!-- precondition -->
        <test-method signature="signup()[pri:0, instance:flipkart.tests.landingPageTest@f6efaab]" started-at="2025-06-22T20:06:55 IST" name="signup" finished-at="2025-06-22T20:06:55 IST" duration-ms="350" status="PASS">
          <reporter-output>
          </reporter-output>
        </test-method> <!-- signup -->
        <test-method is-config="true" signature="teardown()[pri:0, instance:flipkart.tests.landingPageTest@f6efaab]" started-at="2025-06-22T20:06:55 IST" name="teardown" finished-at="2025-06-22T20:06:55 IST" duration-ms="214" status="PASS">
          <reporter-output>
          </reporter-output>
        </test-method> <!-- teardown -->
      </class> <!-- flipkart.tests.landingPageTest -->
    </test> <!-- Default test -->
  </suite> <!-- Default suite -->
</testng-results>
