<?xml version="1.0" encoding="UTF-8"?>
<testng-results ignored="0" total="1" passed="1" failed="0" skipped="0">
  <reporter-output>
  </reporter-output>
  <suite started-at="2025-06-28T22:27:53 IST" name="Default suite" finished-at="2025-06-28T22:28:29 IST" duration-ms="36081">
    <groups>
    </groups>
    <test started-at="2025-06-28T22:27:53 IST" name="Default test" finished-at="2025-06-28T22:28:29 IST" duration-ms="36081">
      <class name="flipkart.tests.landingPageTest">
        <test-method is-config="true" signature="precondition()[pri:0, instance:flipkart.tests.landingPageTest@49e53c76]" started-at="2025-06-28T22:27:53 IST" name="precondition" finished-at="2025-06-28T22:28:09 IST" duration-ms="15971" status="PASS">
          <reporter-output>
          </reporter-output>
        </test-method> <!-- precondition -->
        <test-method signature="signup()[pri:0, instance:flipkart.tests.landingPageTest@49e53c76]" started-at="2025-06-28T22:28:09 IST" name="signup" finished-at="2025-06-28T22:28:28 IST" duration-ms="19782" status="PASS">
          <reporter-output>
          </reporter-output>
        </test-method> <!-- signup -->
        <test-method is-config="true" signature="teardown()[pri:0, instance:flipkart.tests.landingPageTest@49e53c76]" started-at="2025-06-28T22:28:28 IST" name="teardown" finished-at="2025-06-28T22:28:29 IST" duration-ms="264" status="PASS">
          <reporter-output>
          </reporter-output>
        </test-method> <!-- teardown -->
      </class> <!-- flipkart.tests.landingPageTest -->
    </test> <!-- Default test -->
  </suite> <!-- Default suite -->
</testng-results>
