<?xml version="1.0" encoding="UTF-8"?>
<!-- Generated by org.testng.reporters.JUnitXMLReporter -->
<testsuite ignored="1" hostname="LAPTOP-N9VAP4GL" failures="0" tests="1" name="NegativeTests" time="10.361" errors="0" timestamp="2022-09-13T11:07:38 IST">
  <testcase classname="com.herokuapp.theinternet.NegativeTests" name="wrongpaa" time="10.314"/>
  <testcase classname="com.herokuapp.theinternet.NegativeTests" name="negativeusername" time="0.0">
    <ignored/>
  </testcase> <!-- negativeusername -->
</testsuite> <!-- NegativeTests -->
